TN:
SF:C:\Users\kamdu\Documents\Lambda\PM\testing\Array.js
FN:1,(anonymous_0)
FNF:1
FNH:1
FNDA:1,(anonymous_0)
DA:1,1
DA:2,1
LF:2
LH:2
BRF:0
BRH:0
end_of_record
TN:
SF:C:\Users\kamdu\Documents\Lambda\PM\testing\Counter.js
FN:4,(anonymous_0)
FN:9,(anonymous_1)
FN:11,(anonymous_2)
FN:15,(anonymous_3)
FNF:4
FNH:4
FNDA:1,(anonymous_0)
FNDA:2,(anonymous_1)
FNDA:2,(anonymous_2)
FNDA:3,(anonymous_3)
DA:1,1
DA:5,1
DA:6,1
DA:9,1
DA:10,2
DA:11,2
DA:16,3
DA:17,3
DA:18,3
DA:22,1
LF:10
LH:10
BRF:0
BRH:0
end_of_record
